<?xml version="1.0" encoding="UTF-8"?>
<!-- Generated by org.testng.reporters.JUnitReportReporter -->
<testsuite hostname="BHARATH-LAPPY" failures="0" tests="1" name="com.qa.TestScripts.SortingResultTest" time="26.245" errors="0" timestamp="22 Nov 2020 08:59:30 GMT">
  <testcase classname="com.qa.TestScripts.SortingResultTest" name="verifySortResultsTest" time="26.245"/>
</testsuite> <!-- com.qa.TestScripts.SortingResultTest -->
