<?xml version="1.0" encoding="UTF-8"?>
<!-- Generated by org.testng.reporters.JUnitReportReporter -->
<testsuite hostname="BHARATH-LAPPY" failures="0" tests="1" name="com.qa.TestScripts.markFavorite" time="87.138" errors="0" timestamp="22 Nov 2020 18:31:42 GMT">
  <testcase classname="com.qa.TestScripts.markFavorite" name="editArtcle" time="87.138"/>
</testsuite> <!-- com.qa.TestScripts.markFavorite -->
