<?xml version="1.0" encoding="UTF-8"?>
<!-- Generated by org.testng.reporters.JUnitReportReporter -->
<testsuite hostname="BHARATH-LAPPY" failures="0" tests="1" name="com.qa.TestScripts.markFavorite" time="57.028" errors="0" timestamp="22 Nov 2020 19:30:51 GMT">
  <testcase classname="com.qa.TestScripts.markFavorite" name="markfavorite" time="57.028"/>
</testsuite> <!-- com.qa.TestScripts.markFavorite -->
