<?xml version="1.0" encoding="UTF-8"?>
<!-- Generated by org.testng.reporters.JUnitReportReporter -->
<testsuite hostname="BHARATH-LAPPY" failures="0" tests="1" name="com.qa.TestScripts.EditArticle" time="34.474" errors="0" timestamp="22 Nov 2020 17:01:10 GMT">
  <testcase classname="com.qa.TestScripts.EditArticle" name="editArtcle" time="34.474"/>
</testsuite> <!-- com.qa.TestScripts.EditArticle -->
