<?xml version="1.0" encoding="UTF-8"?>
<!-- Generated by org.testng.reporters.JUnitReportReporter -->
<testsuite hostname="BHARATH-LAPPY" failures="0" tests="1" name="com.qa.TestScripts.PostArticle" time="33.481" errors="0" timestamp="22 Nov 2020 15:11:43 GMT">
  <testcase classname="com.qa.TestScripts.PostArticle" name="postArtcle" time="33.481"/>
</testsuite> <!-- com.qa.TestScripts.PostArticle -->
