<?xml version="1.0" encoding="UTF-8"?>
<!-- Generated by org.testng.reporters.JUnitReportReporter -->
<testsuite hostname="BHARATH-LAPPY" failures="0" tests="1" name="com.qa.TestScripts.deleteArticle" time="57.829" errors="0" timestamp="22 Nov 2020 19:34:13 GMT">
  <testcase classname="com.qa.TestScripts.deleteArticle" name="DeleteArticle" time="57.829"/>
</testsuite> <!-- com.qa.TestScripts.deleteArticle -->
